C:\USERS\12345\DOCUMENTS\VISUAL STUDIO 2012\PROJECTS\MATR\MATR\DEBUG\MATR.PCH
C:\USERS\12345\DOCUMENTS\VISUAL STUDIO 2012\PROJECTS\MATR\MATR\DEBUG\STDAFX.OBJ
C:\USERS\12345\DOCUMENTS\VISUAL STUDIO 2012\PROJECTS\MATR\MATR\DEBUG\VC110.PDB
C:\USERS\12345\DOCUMENTS\VISUAL STUDIO 2012\PROJECTS\MATR\MATR\DEBUG\MATR.OBJ
C:\USERS\12345\DOCUMENTS\VISUAL STUDIO 2012\PROJECTS\MATR\MATR\DEBUG\MYMATRFUNCS.OBJ
C:\USERS\12345\DOCUMENTS\VISUAL STUDIO 2012\PROJECTS\MATR\MATR\DEBUG\MYINTEGRFUNCS.OBJ
C:\USERS\12345\DOCUMENTS\VISUAL STUDIO 2012\PROJECTS\MATR\MATR\DEBUG\.NETFRAMEWORK,VERSION=V4.0.ASSEMBLYATTRIBUTES.OBJ
C:\USERS\12345\DOCUMENTS\VISUAL STUDIO 2012\PROJECTS\MATR\DEBUG\MATR.ILK
C:\USERS\12345\DOCUMENTS\VISUAL STUDIO 2012\PROJECTS\MATR\DEBUG\MATR.DLL
C:\USERS\12345\DOCUMENTS\VISUAL STUDIO 2012\PROJECTS\MATR\DEBUG\MATR.PDB
C:\Users\12345\Documents\Visual Studio 2012\Projects\matr\matr\Debug\.NETFramework,Version=v4.0.AssemblyAttributes.obj
C:\Users\12345\Documents\Visual Studio 2012\Projects\matr\matr\Debug\matr.obj
C:\Users\12345\Documents\Visual Studio 2012\Projects\matr\matr\Debug\MyIntegrFuncs.obj
C:\Users\12345\Documents\Visual Studio 2012\Projects\matr\matr\Debug\MyMatrFuncs.obj
C:\Users\12345\Documents\Visual Studio 2012\Projects\matr\matr\Debug\stdafx.obj
C:\Users\12345\Documents\Visual Studio 2012\Projects\matr\matr\Debug\cl.command.1.tlog
C:\Users\12345\Documents\Visual Studio 2012\Projects\matr\matr\Debug\CL.read.1.tlog
C:\Users\12345\Documents\Visual Studio 2012\Projects\matr\matr\Debug\CL.write.1.tlog
C:\Users\12345\Documents\Visual Studio 2012\Projects\matr\matr\Debug\link.2120-cvtres.read.1.tlog
C:\Users\12345\Documents\Visual Studio 2012\Projects\matr\matr\Debug\link.2120-cvtres.write.1.tlog
C:\Users\12345\Documents\Visual Studio 2012\Projects\matr\matr\Debug\link.2120-rc.read.1.tlog
C:\Users\12345\Documents\Visual Studio 2012\Projects\matr\matr\Debug\link.2120-rc.write.1.tlog
C:\Users\12345\Documents\Visual Studio 2012\Projects\matr\matr\Debug\link.2120.read.1.tlog
C:\Users\12345\Documents\Visual Studio 2012\Projects\matr\matr\Debug\link.2120.write.1.tlog
C:\Users\12345\Documents\Visual Studio 2012\Projects\matr\matr\Debug\link.command.1.tlog
C:\Users\12345\Documents\Visual Studio 2012\Projects\matr\matr\Debug\link.read.1.tlog
C:\Users\12345\Documents\Visual Studio 2012\Projects\matr\matr\Debug\link.write.1.tlog
C:\Users\12345\Documents\Visual Studio 2012\Projects\matr\matr\Debug\metagen.read.1.tlog
C:\Users\12345\Documents\Visual Studio 2012\Projects\matr\matr\Debug\metagen.write.1.tlog
C:\Users\12345\Documents\Visual Studio 2012\Projects\matr\matr\Debug\matr.pch
C:\Users\12345\Documents\Visual Studio 2012\Projects\matr\matr\Debug\vc110.pdb
C:\Users\12345\Documents\Visual Studio 2012\Projects\matr\matr\Debug\RSAENH.DLL.bi
C:\Users\12345\Documents\Visual Studio 2012\Projects\matr\matr\Debug\TZRES.DLL.bi
C:\Users\12345\Documents\Visual Studio 2012\Projects\matr\Debug\matr.pdb
C:\Users\12345\Documents\Visual Studio 2012\Projects\matr\Debug\matr.ilk
