C:\USERS\12345\DOCUMENTS\VISUAL STUDIO 2012\PROJECTS\MATR\CLASSLIBRARY2\DEBUG\CLASSLIBRARY2.PCH
C:\USERS\12345\DOCUMENTS\VISUAL STUDIO 2012\PROJECTS\MATR\CLASSLIBRARY2\DEBUG\STDAFX.OBJ
C:\USERS\12345\DOCUMENTS\VISUAL STUDIO 2012\PROJECTS\MATR\CLASSLIBRARY2\DEBUG\VC110.PDB
C:\USERS\12345\DOCUMENTS\VISUAL STUDIO 2012\PROJECTS\MATR\CLASSLIBRARY2\DEBUG\CLASSLIBRARY2.OBJ
C:\USERS\12345\DOCUMENTS\VISUAL STUDIO 2012\PROJECTS\MATR\CLASSLIBRARY2\DEBUG\ASSEMBLYINFO.OBJ
C:\USERS\12345\DOCUMENTS\VISUAL STUDIO 2012\PROJECTS\MATR\CLASSLIBRARY2\DEBUG\.NETFRAMEWORK,VERSION=V4.5.ASSEMBLYATTRIBUTES.OBJ
C:\USERS\12345\DOCUMENTS\VISUAL STUDIO 2012\PROJECTS\MATR\DEBUG\CLASSLIBRARY2.ILK
C:\USERS\12345\DOCUMENTS\VISUAL STUDIO 2012\PROJECTS\MATR\DEBUG\CLASSLIBRARY2.DLL
C:\USERS\12345\DOCUMENTS\VISUAL STUDIO 2012\PROJECTS\MATR\DEBUG\CLASSLIBRARY2.PDB
C:\USERS\12345\DOCUMENTS\VISUAL STUDIO 2012\PROJECTS\MATR\CLASSLIBRARY2\DEBUG\APP.RES
C:\Users\12345\Documents\Visual Studio 2012\Projects\matr\ClassLibrary2\Debug\ClassLibrary2.vcxprojResolveAssemblyReference.cache
C:\Users\12345\Documents\Visual Studio 2012\Projects\matr\ClassLibrary2\Debug\.NETFramework,Version=v4.5.AssemblyAttributes.obj
C:\Users\12345\Documents\Visual Studio 2012\Projects\matr\ClassLibrary2\Debug\AssemblyInfo.obj
C:\Users\12345\Documents\Visual Studio 2012\Projects\matr\ClassLibrary2\Debug\ClassLibrary2.obj
C:\Users\12345\Documents\Visual Studio 2012\Projects\matr\ClassLibrary2\Debug\Stdafx.obj
C:\Users\12345\Documents\Visual Studio 2012\Projects\matr\ClassLibrary2\Debug\cl.command.1.tlog
C:\Users\12345\Documents\Visual Studio 2012\Projects\matr\ClassLibrary2\Debug\CL.read.1.tlog
C:\Users\12345\Documents\Visual Studio 2012\Projects\matr\ClassLibrary2\Debug\CL.write.1.tlog
C:\Users\12345\Documents\Visual Studio 2012\Projects\matr\ClassLibrary2\Debug\link.1732-cvtres.read.1.tlog
C:\Users\12345\Documents\Visual Studio 2012\Projects\matr\ClassLibrary2\Debug\link.1732-cvtres.write.1.tlog
C:\Users\12345\Documents\Visual Studio 2012\Projects\matr\ClassLibrary2\Debug\link.1732-rc.read.1.tlog
C:\Users\12345\Documents\Visual Studio 2012\Projects\matr\ClassLibrary2\Debug\link.1732-rc.write.1.tlog
C:\Users\12345\Documents\Visual Studio 2012\Projects\matr\ClassLibrary2\Debug\link.1732.read.1.tlog
C:\Users\12345\Documents\Visual Studio 2012\Projects\matr\ClassLibrary2\Debug\link.1732.write.1.tlog
C:\Users\12345\Documents\Visual Studio 2012\Projects\matr\ClassLibrary2\Debug\link.4936-cvtres.read.1.tlog
C:\Users\12345\Documents\Visual Studio 2012\Projects\matr\ClassLibrary2\Debug\link.4936-cvtres.write.1.tlog
C:\Users\12345\Documents\Visual Studio 2012\Projects\matr\ClassLibrary2\Debug\link.4936-rc.read.1.tlog
C:\Users\12345\Documents\Visual Studio 2012\Projects\matr\ClassLibrary2\Debug\link.4936-rc.write.1.tlog
C:\Users\12345\Documents\Visual Studio 2012\Projects\matr\ClassLibrary2\Debug\link.4936.read.1.tlog
C:\Users\12345\Documents\Visual Studio 2012\Projects\matr\ClassLibrary2\Debug\link.4936.write.1.tlog
C:\Users\12345\Documents\Visual Studio 2012\Projects\matr\ClassLibrary2\Debug\link.command.1.tlog
C:\Users\12345\Documents\Visual Studio 2012\Projects\matr\ClassLibrary2\Debug\link.read.1.tlog
C:\Users\12345\Documents\Visual Studio 2012\Projects\matr\ClassLibrary2\Debug\link.write.1.tlog
C:\Users\12345\Documents\Visual Studio 2012\Projects\matr\ClassLibrary2\Debug\metagen.read.1.tlog
C:\Users\12345\Documents\Visual Studio 2012\Projects\matr\ClassLibrary2\Debug\metagen.write.1.tlog
C:\Users\12345\Documents\Visual Studio 2012\Projects\matr\ClassLibrary2\Debug\rc.command.1.tlog
C:\Users\12345\Documents\Visual Studio 2012\Projects\matr\ClassLibrary2\Debug\rc.read.1.tlog
C:\Users\12345\Documents\Visual Studio 2012\Projects\matr\ClassLibrary2\Debug\rc.write.1.tlog
C:\Users\12345\Documents\Visual Studio 2012\Projects\matr\ClassLibrary2\Debug\app.res
C:\Users\12345\Documents\Visual Studio 2012\Projects\matr\ClassLibrary2\Debug\ClassLibrary2.pch
C:\Users\12345\Documents\Visual Studio 2012\Projects\matr\ClassLibrary2\Debug\vc110.pdb
C:\Users\12345\Documents\Visual Studio 2012\Projects\matr\ClassLibrary2\Debug\RSAENH.DLL.bi
C:\Users\12345\Documents\Visual Studio 2012\Projects\matr\ClassLibrary2\Debug\TZRES.DLL.bi
C:\Users\12345\Documents\Visual Studio 2012\Projects\matr\Debug\ClassLibrary2.pdb
C:\Users\12345\Documents\Visual Studio 2012\Projects\matr\Debug\ClassLibrary2.dll
C:\Users\12345\Documents\Visual Studio 2012\Projects\matr\Debug\ClassLibrary2.ilk
