C:\USERS\12345\DOCUMENTS\VISUAL STUDIO 2012\PROJECTS\MATR\CONSOLEAPPLICATION1\DEBUG\CONSOLEAPPLICATION1.PCH
C:\USERS\12345\DOCUMENTS\VISUAL STUDIO 2012\PROJECTS\MATR\CONSOLEAPPLICATION1\DEBUG\STDAFX.OBJ
C:\USERS\12345\DOCUMENTS\VISUAL STUDIO 2012\PROJECTS\MATR\CONSOLEAPPLICATION1\DEBUG\VC110.PDB
C:\USERS\12345\DOCUMENTS\VISUAL STUDIO 2012\PROJECTS\MATR\CONSOLEAPPLICATION1\DEBUG\CONSOLEAPPLICATION1.OBJ
C:\USERS\12345\DOCUMENTS\VISUAL STUDIO 2012\PROJECTS\MATR\DEBUG\CONSOLEAPPLICATION1.ILK
C:\USERS\12345\DOCUMENTS\VISUAL STUDIO 2012\PROJECTS\MATR\DEBUG\CONSOLEAPPLICATION1.EXE
C:\USERS\12345\DOCUMENTS\VISUAL STUDIO 2012\PROJECTS\MATR\DEBUG\CONSOLEAPPLICATION1.PDB
C:\Users\12345\Documents\Visual Studio 2012\Projects\matr\ConsoleApplication1\Debug\ConsoleApplication1.obj
C:\Users\12345\Documents\Visual Studio 2012\Projects\matr\ConsoleApplication1\Debug\stdafx.obj
C:\Users\12345\Documents\Visual Studio 2012\Projects\matr\ConsoleApplication1\Debug\cl.command.1.tlog
C:\Users\12345\Documents\Visual Studio 2012\Projects\matr\ConsoleApplication1\Debug\CL.read.1.tlog
C:\Users\12345\Documents\Visual Studio 2012\Projects\matr\ConsoleApplication1\Debug\CL.write.1.tlog
C:\Users\12345\Documents\Visual Studio 2012\Projects\matr\ConsoleApplication1\Debug\link-cvtres.read.1.tlog
C:\Users\12345\Documents\Visual Studio 2012\Projects\matr\ConsoleApplication1\Debug\link-cvtres.write.1.tlog
C:\Users\12345\Documents\Visual Studio 2012\Projects\matr\ConsoleApplication1\Debug\link-rc.read.1.tlog
C:\Users\12345\Documents\Visual Studio 2012\Projects\matr\ConsoleApplication1\Debug\link-rc.write.1.tlog
C:\Users\12345\Documents\Visual Studio 2012\Projects\matr\ConsoleApplication1\Debug\link.command.1.tlog
C:\Users\12345\Documents\Visual Studio 2012\Projects\matr\ConsoleApplication1\Debug\link.read.1.tlog
C:\Users\12345\Documents\Visual Studio 2012\Projects\matr\ConsoleApplication1\Debug\link.write.1.tlog
C:\Users\12345\Documents\Visual Studio 2012\Projects\matr\ConsoleApplication1\Debug\ConsoleApplication1.pch
C:\Users\12345\Documents\Visual Studio 2012\Projects\matr\ConsoleApplication1\Debug\vc110.idb
C:\Users\12345\Documents\Visual Studio 2012\Projects\matr\ConsoleApplication1\Debug\vc110.pdb
C:\Users\12345\Documents\Visual Studio 2012\Projects\matr\Debug\ConsoleApplication1.pdb
C:\Users\12345\Documents\Visual Studio 2012\Projects\matr\Debug\ConsoleApplication1.exe
C:\Users\12345\Documents\Visual Studio 2012\Projects\matr\Debug\ConsoleApplication1.ilk
