C:\USERS\12345\DOCUMENTS\VISUAL STUDIO 2012\PROJECTS\MATR\MATR_WRAPPER1\DEBUG\MATR_WRAPPER1.PCH
C:\USERS\12345\DOCUMENTS\VISUAL STUDIO 2012\PROJECTS\MATR\MATR_WRAPPER1\DEBUG\STDAFX.OBJ
C:\USERS\12345\DOCUMENTS\VISUAL STUDIO 2012\PROJECTS\MATR\MATR_WRAPPER1\DEBUG\VC110.PDB
C:\USERS\12345\DOCUMENTS\VISUAL STUDIO 2012\PROJECTS\MATR\MATR_WRAPPER1\DEBUG\MATR_WRAPPER1.OBJ
C:\USERS\12345\DOCUMENTS\VISUAL STUDIO 2012\PROJECTS\MATR\MATR_WRAPPER1\DEBUG\ASSEMBLYINFO.OBJ
C:\USERS\12345\DOCUMENTS\VISUAL STUDIO 2012\PROJECTS\MATR\MATR_WRAPPER1\DEBUG\.NETFRAMEWORK,VERSION=V4.5.ASSEMBLYATTRIBUTES.OBJ
C:\USERS\12345\DOCUMENTS\VISUAL STUDIO 2012\PROJECTS\MATR\MATR_WRAPPER1\DEBUG\APP.RES
C:\Users\12345\Documents\Visual Studio 2012\Projects\matr\matr_wrapper1\Debug\matr_wrapper1.vcxprojResolveAssemblyReference.cache
C:\Users\12345\Documents\Visual Studio 2012\Projects\matr\matr_wrapper1\Debug\.NETFramework,Version=v4.5.AssemblyAttributes.obj
C:\Users\12345\Documents\Visual Studio 2012\Projects\matr\matr_wrapper1\Debug\AssemblyInfo.obj
C:\Users\12345\Documents\Visual Studio 2012\Projects\matr\matr_wrapper1\Debug\matr_wrapper1.obj
C:\Users\12345\Documents\Visual Studio 2012\Projects\matr\matr_wrapper1\Debug\stdafx.obj
C:\Users\12345\Documents\Visual Studio 2012\Projects\matr\matr_wrapper1\Debug\cl.command.1.tlog
C:\Users\12345\Documents\Visual Studio 2012\Projects\matr\matr_wrapper1\Debug\CL.read.1.tlog
C:\Users\12345\Documents\Visual Studio 2012\Projects\matr\matr_wrapper1\Debug\CL.write.1.tlog
C:\Users\12345\Documents\Visual Studio 2012\Projects\matr\matr_wrapper1\Debug\link.5744-cvtres.read.1.tlog
C:\Users\12345\Documents\Visual Studio 2012\Projects\matr\matr_wrapper1\Debug\link.5744-cvtres.write.1.tlog
C:\Users\12345\Documents\Visual Studio 2012\Projects\matr\matr_wrapper1\Debug\link.5744-rc.read.1.tlog
C:\Users\12345\Documents\Visual Studio 2012\Projects\matr\matr_wrapper1\Debug\link.5744-rc.write.1.tlog
C:\Users\12345\Documents\Visual Studio 2012\Projects\matr\matr_wrapper1\Debug\link.5744.read.1.tlog
C:\Users\12345\Documents\Visual Studio 2012\Projects\matr\matr_wrapper1\Debug\link.5744.write.1.tlog
C:\Users\12345\Documents\Visual Studio 2012\Projects\matr\matr_wrapper1\Debug\link.command.1.tlog
C:\Users\12345\Documents\Visual Studio 2012\Projects\matr\matr_wrapper1\Debug\link.read.1.tlog
C:\Users\12345\Documents\Visual Studio 2012\Projects\matr\matr_wrapper1\Debug\link.write.1.tlog
C:\Users\12345\Documents\Visual Studio 2012\Projects\matr\matr_wrapper1\Debug\metagen.read.1.tlog
C:\Users\12345\Documents\Visual Studio 2012\Projects\matr\matr_wrapper1\Debug\metagen.write.1.tlog
C:\Users\12345\Documents\Visual Studio 2012\Projects\matr\matr_wrapper1\Debug\rc.command.1.tlog
C:\Users\12345\Documents\Visual Studio 2012\Projects\matr\matr_wrapper1\Debug\rc.read.1.tlog
C:\Users\12345\Documents\Visual Studio 2012\Projects\matr\matr_wrapper1\Debug\rc.write.1.tlog
C:\Users\12345\Documents\Visual Studio 2012\Projects\matr\matr_wrapper1\Debug\app.res
C:\Users\12345\Documents\Visual Studio 2012\Projects\matr\matr_wrapper1\Debug\matr_wrapper1.pch
C:\Users\12345\Documents\Visual Studio 2012\Projects\matr\matr_wrapper1\Debug\vc110.pdb
C:\Users\12345\Documents\Visual Studio 2012\Projects\matr\matr_wrapper1\Debug\RSAENH.DLL.bi
C:\Users\12345\Documents\Visual Studio 2012\Projects\matr\matr_wrapper1\Debug\TZRES.DLL.bi
C:\Users\12345\Documents\Visual Studio 2012\Projects\matr\Debug\matr_wrapper1.pdb
C:\Users\12345\Documents\Visual Studio 2012\Projects\matr\Debug\matr_wrapper1.ilk
