C:\USERS\12345\DOCUMENTS\VISUAL STUDIO 2012\PROJECTS\MATR\CLASSLIBRARY1\DEBUG\MATR_WRAPPER.PCH
C:\USERS\12345\DOCUMENTS\VISUAL STUDIO 2012\PROJECTS\MATR\CLASSLIBRARY1\DEBUG\STDAFX.XDC
C:\USERS\12345\DOCUMENTS\VISUAL STUDIO 2012\PROJECTS\MATR\CLASSLIBRARY1\DEBUG\STDAFX.OBJ
C:\USERS\12345\DOCUMENTS\VISUAL STUDIO 2012\PROJECTS\MATR\CLASSLIBRARY1\DEBUG\VC110.PDB
C:\USERS\12345\DOCUMENTS\VISUAL STUDIO 2012\PROJECTS\MATR\CLASSLIBRARY1\DEBUG\ASSEMBLYINFO.XDC
C:\USERS\12345\DOCUMENTS\VISUAL STUDIO 2012\PROJECTS\MATR\CLASSLIBRARY1\DEBUG\MATH_WRAPPER.XDC
C:\USERS\12345\DOCUMENTS\VISUAL STUDIO 2012\PROJECTS\MATR\CLASSLIBRARY1\DEBUG\MATH_WRAPPER.OBJ
C:\USERS\12345\DOCUMENTS\VISUAL STUDIO 2012\PROJECTS\MATR\CLASSLIBRARY1\DEBUG\ASSEMBLYINFO.OBJ
C:\USERS\12345\DOCUMENTS\VISUAL STUDIO 2012\PROJECTS\MATR\CLASSLIBRARY1\DEBUG\.NETFRAMEWORK,VERSION=V4.5.ASSEMBLYATTRIBUTES.XDC
C:\USERS\12345\DOCUMENTS\VISUAL STUDIO 2012\PROJECTS\MATR\CLASSLIBRARY1\DEBUG\.NETFRAMEWORK,VERSION=V4.5.ASSEMBLYATTRIBUTES.OBJ
C:\USERS\12345\DOCUMENTS\VISUAL STUDIO 2012\PROJECTS\MATR\DEBUG\MATR_WRAPPER.ILK
C:\USERS\12345\DOCUMENTS\VISUAL STUDIO 2012\PROJECTS\MATR\DEBUG\MATR_WRAPPER.DLL
C:\USERS\12345\DOCUMENTS\VISUAL STUDIO 2012\PROJECTS\MATR\DEBUG\MATR_WRAPPER.PDB
C:\USERS\12345\DOCUMENTS\VISUAL STUDIO 2012\PROJECTS\MATR\CLASSLIBRARY1\DEBUG\APP.RES
C:\USERS\12345\DOCUMENTS\VISUAL STUDIO 2012\PROJECTS\MATR\DEBUG\MATR_WRAPPER.XML
C:\Users\12345\Documents\Visual Studio 2012\Projects\matr\ClassLibrary1\Debug\ClassLibrary1.vcxprojResolveAssemblyReference.cache
C:\Users\12345\Documents\Visual Studio 2012\Projects\matr\ClassLibrary1\Debug\.NETFramework,Version=v4.5.AssemblyAttributes.obj
C:\Users\12345\Documents\Visual Studio 2012\Projects\matr\ClassLibrary1\Debug\AssemblyInfo.obj
C:\Users\12345\Documents\Visual Studio 2012\Projects\matr\ClassLibrary1\Debug\math_wrapper.obj
C:\Users\12345\Documents\Visual Studio 2012\Projects\matr\ClassLibrary1\Debug\Stdafx.obj
C:\Users\12345\Documents\Visual Studio 2012\Projects\matr\ClassLibrary1\Debug\cl.command.1.tlog
C:\Users\12345\Documents\Visual Studio 2012\Projects\matr\ClassLibrary1\Debug\CL.read.1.tlog
C:\Users\12345\Documents\Visual Studio 2012\Projects\matr\ClassLibrary1\Debug\CL.write.1.tlog
C:\Users\12345\Documents\Visual Studio 2012\Projects\matr\ClassLibrary1\Debug\link.3984-cvtres.read.1.tlog
C:\Users\12345\Documents\Visual Studio 2012\Projects\matr\ClassLibrary1\Debug\link.3984-cvtres.write.1.tlog
C:\Users\12345\Documents\Visual Studio 2012\Projects\matr\ClassLibrary1\Debug\link.3984-rc.read.1.tlog
C:\Users\12345\Documents\Visual Studio 2012\Projects\matr\ClassLibrary1\Debug\link.3984-rc.write.1.tlog
C:\Users\12345\Documents\Visual Studio 2012\Projects\matr\ClassLibrary1\Debug\link.3984.read.1.tlog
C:\Users\12345\Documents\Visual Studio 2012\Projects\matr\ClassLibrary1\Debug\link.3984.write.1.tlog
C:\Users\12345\Documents\Visual Studio 2012\Projects\matr\ClassLibrary1\Debug\link.792-cvtres.read.1.tlog
C:\Users\12345\Documents\Visual Studio 2012\Projects\matr\ClassLibrary1\Debug\link.792-cvtres.write.1.tlog
C:\Users\12345\Documents\Visual Studio 2012\Projects\matr\ClassLibrary1\Debug\link.792-rc.read.1.tlog
C:\Users\12345\Documents\Visual Studio 2012\Projects\matr\ClassLibrary1\Debug\link.792-rc.write.1.tlog
C:\Users\12345\Documents\Visual Studio 2012\Projects\matr\ClassLibrary1\Debug\link.792.read.1.tlog
C:\Users\12345\Documents\Visual Studio 2012\Projects\matr\ClassLibrary1\Debug\link.792.write.1.tlog
C:\Users\12345\Documents\Visual Studio 2012\Projects\matr\ClassLibrary1\Debug\link.command.1.tlog
C:\Users\12345\Documents\Visual Studio 2012\Projects\matr\ClassLibrary1\Debug\link.read.1.tlog
C:\Users\12345\Documents\Visual Studio 2012\Projects\matr\ClassLibrary1\Debug\link.write.1.tlog
C:\Users\12345\Documents\Visual Studio 2012\Projects\matr\ClassLibrary1\Debug\metagen.read.1.tlog
C:\Users\12345\Documents\Visual Studio 2012\Projects\matr\ClassLibrary1\Debug\metagen.write.1.tlog
C:\Users\12345\Documents\Visual Studio 2012\Projects\matr\ClassLibrary1\Debug\rc.command.1.tlog
C:\Users\12345\Documents\Visual Studio 2012\Projects\matr\ClassLibrary1\Debug\rc.read.1.tlog
C:\Users\12345\Documents\Visual Studio 2012\Projects\matr\ClassLibrary1\Debug\rc.write.1.tlog
C:\Users\12345\Documents\Visual Studio 2012\Projects\matr\ClassLibrary1\Debug\XDCMake.command.1.tlog
C:\Users\12345\Documents\Visual Studio 2012\Projects\matr\ClassLibrary1\Debug\xdcmake.read.1.tlog
C:\Users\12345\Documents\Visual Studio 2012\Projects\matr\ClassLibrary1\Debug\xdcmake.write.1.tlog
C:\Users\12345\Documents\Visual Studio 2012\Projects\matr\ClassLibrary1\Debug\app.res
C:\Users\12345\Documents\Visual Studio 2012\Projects\matr\ClassLibrary1\Debug\matr_wrapper.pch
C:\Users\12345\Documents\Visual Studio 2012\Projects\matr\ClassLibrary1\Debug\.NETFramework,Version=v4.5.AssemblyAttributes.xdc
C:\Users\12345\Documents\Visual Studio 2012\Projects\matr\ClassLibrary1\Debug\AssemblyInfo.xdc
C:\Users\12345\Documents\Visual Studio 2012\Projects\matr\ClassLibrary1\Debug\math_wrapper.xdc
C:\Users\12345\Documents\Visual Studio 2012\Projects\matr\ClassLibrary1\Debug\Stdafx.xdc
C:\Users\12345\Documents\Visual Studio 2012\Projects\matr\ClassLibrary1\Debug\vc110.pdb
C:\Users\12345\Documents\Visual Studio 2012\Projects\matr\ClassLibrary1\Debug\MSXML6R.DLL.bi
C:\Users\12345\Documents\Visual Studio 2012\Projects\matr\ClassLibrary1\Debug\RSAENH.DLL.bi
C:\Users\12345\Documents\Visual Studio 2012\Projects\matr\ClassLibrary1\Debug\TZRES.DLL.bi
C:\Users\12345\Documents\Visual Studio 2012\Projects\matr\Debug\matr_wrapper.pdb
C:\Users\12345\Documents\Visual Studio 2012\Projects\matr\Debug\matr_wrapper.dll
C:\Users\12345\Documents\Visual Studio 2012\Projects\matr\Debug\matr_wrapper.ilk
